@00000003
2B4124232B3126232B2128232A912A232A812C232A112E23D401011384000137
090009130010049306F1202303C00793EFFD0D13DEFFED372BA120232B512223
0004851300C005930005041340C080E7000000970004851300C00593FFF48A13
0024141300A7843300078713002717930087073300141713418080E700000097
00C00593000509933C8080E700000097000A051300C00593008784332A010793
00A787B3000787130027179301370733001997133D4080E700000097000A0513
01D505130290059340F5053300379513DC07A78300F707B32A01071300279793
2A0109130001099306010413F52498E300148493DCA42023324080E700000097
0304041300B4A22300A4A0231A4080E7000000970004051300C0059300098493
0009A60300D00A9300000A13000004930000091300100413FF2410E300848493
00BA06B3009737B300A4873334C080E70000009700090593000405130049A683
000784130087B733001407930089899300078A13000704930007869300D787B3
00F688630120079300F49663FA078793048F67B7FA091AE3FB579CE301270933
00B567B30000006F00078D1300D78793600D67B700C0006F0DE787930BADC7B7
0005079300B5586300058493009122230081242300112623FF01011304078C63
00048513000405930340006F000504930404926302050C630007849300058513
00008067001005130140006FFE0414E30005041300040493204080E700000097
000504131D0080E700000097000485930180006F000485130200006F00048513
00112623FF0101130000806701010113004124830081240300C12083FD1FF06F
0004851300050593F4C080E70000009700058493000504130091222300812423
00C12083204080E70000009741F5559341F4569300040613110080E700000097
0081242300112623FF0101130405886300008067010101130041248300812403
0044841302F75A630010071341F5559300052503000587930005049300912223
0100006FFE9418E300440413F6C080E7000000970004258300F484B300279793
0000806701010113004124830081240300C1208300008067FFF00593FFF00513
02078A630007871300A5E8630017979300159593001007930605C06304A5FE63
0017D79300F7673340B5053300B5666300000713FE05D2E30207846300C0006F
00100793000080670007051300061E63000787130080006FFE0796E30015D593
40A0053302055C6300112623FF01011300008067FC5FF06F00100793FCDFF06F
FEDFF06FF6C080E7000000970000061304C0006F40A0053300C0006F0405C463
0000009740B005B300000613FE05D8E302C0006FF5C080E70000009700000613
0101011300C12083F30080E70000009740B005B300000613FC5FF06FF44080E7
40F585B30010061300B7C5B341F5D7930205546300112623FF01011300008067
0010061300B7C5B341F5D79301C0006F40A00533EFC080E70000009740A00533
00112623FF010113000080670101011300C12083EDC080E70000009740F585B3
00112623FF010113000080670101011300C12083EBC080E70000009700000613
0005831300050893000080670101011300C12083E9C080E70000009700100613
00C507B300078E630018F79300000593000005130607846300B567B300050793
00F767B30018D79301F31713000785130005871300E505B300D5873300A7B533
0016161300E866B3000806930016971301F65813000E03130007889300135E13
0000806700008067FA0716E301C7E73300078713
